<?xml version="1.0" encoding="UTF-8"?>
<testng-results ignored="0" total="1" passed="1" failed="0" skipped="0">
  <reporter-output>
  </reporter-output>
  <suite started-at="2024-01-02T16:24:12 PST" name="Default suite" finished-at="2024-01-02T16:24:17 PST" duration-ms="4664">
    <groups>
    </groups>
    <test started-at="2024-01-02T16:24:12 PST" name="Default test" finished-at="2024-01-02T16:24:17 PST" duration-ms="4664">
      <class name="kicchinapp.Get_draftmenus">
        <test-method signature="draftmenu()[pri:0, instance:kicchinapp.Get_draftmenus@4efc180e]" started-at="2024-01-02T16:24:12 PST" name="draftmenu" finished-at="2024-01-02T16:24:17 PST" duration-ms="4628" status="PASS">
          <reporter-output>
          </reporter-output>
        </test-method> <!-- draftmenu -->
      </class> <!-- kicchinapp.Get_draftmenus -->
    </test> <!-- Default test -->
  </suite> <!-- Default suite -->
</testng-results>
