<?xml version="1.0" encoding="UTF-8"?>
<testng-results ignored="0" total="2" passed="2" failed="0" skipped="0">
  <reporter-output>
  </reporter-output>
  <suite started-at="2023-12-18T20:59:19 PST" name="Default suite" finished-at="2023-12-18T20:59:27 PST" duration-ms="7726">
    <groups>
    </groups>
    <test started-at="2023-12-18T20:59:19 PST" name="Default test" finished-at="2023-12-18T20:59:27 PST" duration-ms="7726">
      <class name="cook_app.getspecificaccount">
        <test-method signature="fetchAccount()[pri:0, instance:cook_app.getspecificaccount@26e356f0]" started-at="2023-12-18T20:59:19 PST" name="fetchAccount" finished-at="2023-12-18T20:59:25 PST" duration-ms="6139" status="PASS">
          <reporter-output>
          </reporter-output>
        </test-method> <!-- fetchAccount -->
        <test-method signature="getspecificproduct()[pri:0, instance:cook_app.getspecificaccount@26e356f0]" started-at="2023-12-18T20:59:25 PST" name="getspecificproduct" finished-at="2023-12-18T20:59:27 PST" duration-ms="1516" status="PASS">
          <reporter-output>
          </reporter-output>
        </test-method> <!-- getspecificproduct -->
      </class> <!-- cook_app.getspecificaccount -->
    </test> <!-- Default test -->
  </suite> <!-- Default suite -->
</testng-results>
